Determining if the pthread_create exist failed with the following output:
Change Dir: /home/xiarui/catkin_ws/src/droneTest/build/CMakeFiles/CMakeTmp

Run Build Command:/usr/bin/make "cmTryCompileExec909364686/fast"
/usr/bin/make -f CMakeFiles/cmTryCompileExec909364686.dir/build.make CMakeFiles/cmTryCompileExec909364686.dir/build
make[1]: Entering directory `/home/xiarui/catkin_ws/src/droneTest/build/CMakeFiles/CMakeTmp'
/usr/bin/cmake -E cmake_progress_report /home/xiarui/catkin_ws/src/droneTest/build/CMakeFiles/CMakeTmp/CMakeFiles 1
Building C object CMakeFiles/cmTryCompileExec909364686.dir/CheckSymbolExists.c.o
/usr/bin/cc    -o CMakeFiles/cmTryCompileExec909364686.dir/CheckSymbolExists.c.o   -c /home/xiarui/catkin_ws/src/droneTest/build/CMakeFiles/CMakeTmp/CheckSymbolExists.c
Linking C executable cmTryCompileExec909364686
/usr/bin/cmake -E cmake_link_script CMakeFiles/cmTryCompileExec909364686.dir/link.txt --verbose=1
/usr/bin/cc       CMakeFiles/cmTryCompileExec909364686.dir/CheckSymbolExists.c.o  -o cmTryCompileExec909364686 -rdynamic 
CMakeFiles/cmTryCompileExec909364686.dir/CheckSymbolExists.c.o: In function `main':
CheckSymbolExists.c:(.text+0x16): undefined reference to `pthread_create'
collect2: error: ld returned 1 exit status
make[1]: *** [cmTryCompileExec909364686] Error 1
make[1]: Leaving directory `/home/xiarui/catkin_ws/src/droneTest/build/CMakeFiles/CMakeTmp'
make: *** [cmTryCompileExec909364686/fast] Error 2

File /home/xiarui/catkin_ws/src/droneTest/build/CMakeFiles/CMakeTmp/CheckSymbolExists.c:
/* */
#include <pthread.h>

int main(int argc, char** argv)
{
  (void)argv;
#ifndef pthread_create
  return ((int*)(&pthread_create))[argc];
#else
  (void)argc;
  return 0;
#endif
}

Determining if the function pthread_create exists in the pthreads failed with the following output:
Change Dir: /home/xiarui/catkin_ws/src/droneTest/build/CMakeFiles/CMakeTmp

Run Build Command:/usr/bin/make "cmTryCompileExec1485217470/fast"
/usr/bin/make -f CMakeFiles/cmTryCompileExec1485217470.dir/build.make CMakeFiles/cmTryCompileExec1485217470.dir/build
make[1]: Entering directory `/home/xiarui/catkin_ws/src/droneTest/build/CMakeFiles/CMakeTmp'
/usr/bin/cmake -E cmake_progress_report /home/xiarui/catkin_ws/src/droneTest/build/CMakeFiles/CMakeTmp/CMakeFiles 1
Building C object CMakeFiles/cmTryCompileExec1485217470.dir/CheckFunctionExists.c.o
/usr/bin/cc   -DCHECK_FUNCTION_EXISTS=pthread_create   -o CMakeFiles/cmTryCompileExec1485217470.dir/CheckFunctionExists.c.o   -c /usr/share/cmake-2.8/Modules/CheckFunctionExists.c
Linking C executable cmTryCompileExec1485217470
/usr/bin/cmake -E cmake_link_script CMakeFiles/cmTryCompileExec1485217470.dir/link.txt --verbose=1
/usr/bin/cc   -DCHECK_FUNCTION_EXISTS=pthread_create    CMakeFiles/cmTryCompileExec1485217470.dir/CheckFunctionExists.c.o  -o cmTryCompileExec1485217470 -rdynamic -lpthreads 
/usr/bin/ld: cannot find -lpthreads
collect2: error: ld returned 1 exit status
make[1]: Leaving directory `/home/xiarui/catkin_ws/src/droneTest/build/CMakeFiles/CMakeTmp'
make[1]: *** [cmTryCompileExec1485217470] Error 1
make: *** [cmTryCompileExec1485217470/fast] Error 2


